<?xml version="1.0" encoding="UTF-8"?>
<testsuite xmlns:xsi="http://www.w3.org/2001/XMLSchema-instance" xsi:noNamespaceSchemaLocation="https://maven.apache.org/surefire/maven-surefire-plugin/xsd/surefire-test-report.xsd" name="com.ys.demo.DemoApplicationTests" time="3.062" tests="1" errors="0" skipped="0" failures="0">
  <properties>
    <property name="sun.desktop" value="windows"/>
    <property name="awt.toolkit" value="sun.awt.windows.WToolkit"/>
    <property name="file.encoding.pkg" value="sun.io"/>
    <property name="java.specification.version" value="1.8"/>
    <property name="sun.cpu.isalist" value="amd64"/>
    <property name="sun.jnu.encoding" value="GBK"/>
    <property name="java.class.path" value="D:\JavaProgram\SpringMVC\music-day01\target\test-classes;D:\JavaProgram\SpringMVC\music-day01\target\classes;D:\JavaProgram\Maven\org\springframework\boot\spring-boot-starter-jdbc\2.2.1.RELEASE\spring-boot-starter-jdbc-2.2.1.RELEASE.jar;D:\JavaProgram\Maven\org\springframework\boot\spring-boot-starter\2.2.1.RELEASE\spring-boot-starter-2.2.1.RELEASE.jar;D:\JavaProgram\Maven\org\springframework\boot\spring-boot\2.2.1.RELEASE\spring-boot-2.2.1.RELEASE.jar;D:\JavaProgram\Maven\org\springframework\boot\spring-boot-autoconfigure\2.2.1.RELEASE\spring-boot-autoconfigure-2.2.1.RELEASE.jar;D:\JavaProgram\Maven\org\springframework\boot\spring-boot-starter-logging\2.2.1.RELEASE\spring-boot-starter-logging-2.2.1.RELEASE.jar;D:\JavaProgram\Maven\ch\qos\logback\logback-classic\1.2.3\logback-classic-1.2.3.jar;D:\JavaProgram\Maven\ch\qos\logback\logback-core\1.2.3\logback-core-1.2.3.jar;D:\JavaProgram\Maven\org\apache\logging\log4j\log4j-to-slf4j\2.12.1\log4j-to-slf4j-2.12.1.jar;D:\JavaProgram\Maven\org\apache\logging\log4j\log4j-api\2.12.1\log4j-api-2.12.1.jar;D:\JavaProgram\Maven\org\slf4j\jul-to-slf4j\1.7.29\jul-to-slf4j-1.7.29.jar;D:\JavaProgram\Maven\jakarta\annotation\jakarta.annotation-api\1.3.5\jakarta.annotation-api-1.3.5.jar;D:\JavaProgram\Maven\org\yaml\snakeyaml\1.25\snakeyaml-1.25.jar;D:\JavaProgram\Maven\com\zaxxer\HikariCP\3.4.1\HikariCP-3.4.1.jar;D:\JavaProgram\Maven\org\slf4j\slf4j-api\1.7.29\slf4j-api-1.7.29.jar;D:\JavaProgram\Maven\org\springframework\spring-jdbc\5.2.1.RELEASE\spring-jdbc-5.2.1.RELEASE.jar;D:\JavaProgram\Maven\org\springframework\spring-beans\5.2.1.RELEASE\spring-beans-5.2.1.RELEASE.jar;D:\JavaProgram\Maven\org\springframework\spring-tx\5.2.1.RELEASE\spring-tx-5.2.1.RELEASE.jar;D:\JavaProgram\Maven\org\springframework\boot\spring-boot-starter-thymeleaf\2.2.1.RELEASE\spring-boot-starter-thymeleaf-2.2.1.RELEASE.jar;D:\JavaProgram\Maven\org\thymeleaf\thymeleaf-spring5\3.0.11.RELEASE\thymeleaf-spring5-3.0.11.RELEASE.jar;D:\JavaProgram\Maven\org\thymeleaf\thymeleaf\3.0.11.RELEASE\thymeleaf-3.0.11.RELEASE.jar;D:\JavaProgram\Maven\org\attoparser\attoparser\2.0.5.RELEASE\attoparser-2.0.5.RELEASE.jar;D:\JavaProgram\Maven\org\unbescape\unbescape\1.1.6.RELEASE\unbescape-1.1.6.RELEASE.jar;D:\JavaProgram\Maven\org\thymeleaf\extras\thymeleaf-extras-java8time\3.0.4.RELEASE\thymeleaf-extras-java8time-3.0.4.RELEASE.jar;D:\JavaProgram\Maven\org\springframework\boot\spring-boot-starter-web\2.2.1.RELEASE\spring-boot-starter-web-2.2.1.RELEASE.jar;D:\JavaProgram\Maven\org\springframework\boot\spring-boot-starter-tomcat\2.2.1.RELEASE\spring-boot-starter-tomcat-2.2.1.RELEASE.jar;D:\JavaProgram\Maven\org\apache\tomcat\embed\tomcat-embed-websocket\9.0.27\tomcat-embed-websocket-9.0.27.jar;D:\JavaProgram\Maven\org\springframework\boot\spring-boot-starter-validation\2.2.1.RELEASE\spring-boot-starter-validation-2.2.1.RELEASE.jar;D:\JavaProgram\Maven\jakarta\validation\jakarta.validation-api\2.0.1\jakarta.validation-api-2.0.1.jar;D:\JavaProgram\Maven\org\hibernate\validator\hibernate-validator\6.0.18.Final\hibernate-validator-6.0.18.Final.jar;D:\JavaProgram\Maven\org\jboss\logging\jboss-logging\3.4.1.Final\jboss-logging-3.4.1.Final.jar;D:\JavaProgram\Maven\com\fasterxml\classmate\1.5.1\classmate-1.5.1.jar;D:\JavaProgram\Maven\org\springframework\spring-web\5.2.1.RELEASE\spring-web-5.2.1.RELEASE.jar;D:\JavaProgram\Maven\org\springframework\spring-webmvc\5.2.1.RELEASE\spring-webmvc-5.2.1.RELEASE.jar;D:\JavaProgram\Maven\org\springframework\spring-aop\5.2.1.RELEASE\spring-aop-5.2.1.RELEASE.jar;D:\JavaProgram\Maven\org\springframework\spring-context\5.2.1.RELEASE\spring-context-5.2.1.RELEASE.jar;D:\JavaProgram\Maven\org\springframework\spring-expression\5.2.1.RELEASE\spring-expression-5.2.1.RELEASE.jar;D:\JavaProgram\Maven\org\webjars\bootstrap\3.4.1\bootstrap-3.4.1.jar;D:\JavaProgram\Maven\org\webjars\jquery\3.4.1\jquery-3.4.1.jar;D:\JavaProgram\Maven\org\apache\tomcat\embed\tomcat-embed-jasper\9.0.27\tomcat-embed-jasper-9.0.27.jar;D:\JavaProgram\Maven\org\apache\tomcat\embed\tomcat-embed-core\9.0.27\tomcat-embed-core-9.0.27.jar;D:\JavaProgram\Maven\org\apache\tomcat\tomcat-annotations-api\9.0.27\tomcat-annotations-api-9.0.27.jar;D:\JavaProgram\Maven\org\apache\tomcat\embed\tomcat-embed-el\9.0.27\tomcat-embed-el-9.0.27.jar;D:\JavaProgram\Maven\org\eclipse\jdt\ecj\3.18.0\ecj-3.18.0.jar;D:\JavaProgram\Maven\javax\servlet\jstl\1.2\jstl-1.2.jar;D:\JavaProgram\Maven\org\mybatis\spring\boot\mybatis-spring-boot-starter\2.1.1\mybatis-spring-boot-starter-2.1.1.jar;D:\JavaProgram\Maven\org\mybatis\spring\boot\mybatis-spring-boot-autoconfigure\2.1.1\mybatis-spring-boot-autoconfigure-2.1.1.jar;D:\JavaProgram\Maven\org\mybatis\mybatis\3.5.3\mybatis-3.5.3.jar;D:\JavaProgram\Maven\org\mybatis\mybatis-spring\2.0.3\mybatis-spring-2.0.3.jar;D:\JavaProgram\Maven\mysql\mysql-connector-java\8.0.18\mysql-connector-java-8.0.18.jar;D:\JavaProgram\Maven\org\springframework\boot\spring-boot-starter-test\2.2.1.RELEASE\spring-boot-starter-test-2.2.1.RELEASE.jar;D:\JavaProgram\Maven\org\springframework\boot\spring-boot-test\2.2.1.RELEASE\spring-boot-test-2.2.1.RELEASE.jar;D:\JavaProgram\Maven\org\springframework\boot\spring-boot-test-autoconfigure\2.2.1.RELEASE\spring-boot-test-autoconfigure-2.2.1.RELEASE.jar;D:\JavaProgram\Maven\com\jayway\jsonpath\json-path\2.4.0\json-path-2.4.0.jar;D:\JavaProgram\Maven\net\minidev\json-smart\2.3\json-smart-2.3.jar;D:\JavaProgram\Maven\net\minidev\accessors-smart\1.2\accessors-smart-1.2.jar;D:\JavaProgram\Maven\org\ow2\asm\asm\5.0.4\asm-5.0.4.jar;D:\JavaProgram\Maven\jakarta\xml\bind\jakarta.xml.bind-api\2.3.2\jakarta.xml.bind-api-2.3.2.jar;D:\JavaProgram\Maven\jakarta\activation\jakarta.activation-api\1.2.1\jakarta.activation-api-1.2.1.jar;D:\JavaProgram\Maven\org\junit\jupiter\junit-jupiter\5.5.2\junit-jupiter-5.5.2.jar;D:\JavaProgram\Maven\org\junit\jupiter\junit-jupiter-api\5.5.2\junit-jupiter-api-5.5.2.jar;D:\JavaProgram\Maven\org\opentest4j\opentest4j\1.2.0\opentest4j-1.2.0.jar;D:\JavaProgram\Maven\org\junit\platform\junit-platform-commons\1.5.2\junit-platform-commons-1.5.2.jar;D:\JavaProgram\Maven\org\junit\jupiter\junit-jupiter-params\5.5.2\junit-jupiter-params-5.5.2.jar;D:\JavaProgram\Maven\org\junit\jupiter\junit-jupiter-engine\5.5.2\junit-jupiter-engine-5.5.2.jar;D:\JavaProgram\Maven\org\junit\vintage\junit-vintage-engine\5.5.2\junit-vintage-engine-5.5.2.jar;D:\JavaProgram\Maven\org\apiguardian\apiguardian-api\1.1.0\apiguardian-api-1.1.0.jar;D:\JavaProgram\Maven\org\junit\platform\junit-platform-engine\1.5.2\junit-platform-engine-1.5.2.jar;D:\JavaProgram\Maven\junit\junit\4.12\junit-4.12.jar;D:\JavaProgram\Maven\org\mockito\mockito-junit-jupiter\3.1.0\mockito-junit-jupiter-3.1.0.jar;D:\JavaProgram\Maven\org\assertj\assertj-core\3.13.2\assertj-core-3.13.2.jar;D:\JavaProgram\Maven\org\hamcrest\hamcrest\2.1\hamcrest-2.1.jar;D:\JavaProgram\Maven\org\mockito\mockito-core\3.1.0\mockito-core-3.1.0.jar;D:\JavaProgram\Maven\net\bytebuddy\byte-buddy\1.10.2\byte-buddy-1.10.2.jar;D:\JavaProgram\Maven\net\bytebuddy\byte-buddy-agent\1.10.2\byte-buddy-agent-1.10.2.jar;D:\JavaProgram\Maven\org\objenesis\objenesis\2.6\objenesis-2.6.jar;D:\JavaProgram\Maven\org\skyscreamer\jsonassert\1.5.0\jsonassert-1.5.0.jar;D:\JavaProgram\Maven\com\vaadin\external\google\android-json\0.0.20131108.vaadin1\android-json-0.0.20131108.vaadin1.jar;D:\JavaProgram\Maven\org\springframework\spring-core\5.2.1.RELEASE\spring-core-5.2.1.RELEASE.jar;D:\JavaProgram\Maven\org\springframework\spring-jcl\5.2.1.RELEASE\spring-jcl-5.2.1.RELEASE.jar;D:\JavaProgram\Maven\org\springframework\spring-test\5.2.1.RELEASE\spring-test-5.2.1.RELEASE.jar;D:\JavaProgram\Maven\org\xmlunit\xmlunit-core\2.6.3\xmlunit-core-2.6.3.jar;D:\JavaProgram\Maven\org\springframework\boot\spring-boot-starter-json\2.2.1.RELEASE\spring-boot-starter-json-2.2.1.RELEASE.jar;D:\JavaProgram\Maven\com\fasterxml\jackson\core\jackson-databind\2.10.0\jackson-databind-2.10.0.jar;D:\JavaProgram\Maven\com\fasterxml\jackson\core\jackson-annotations\2.10.0\jackson-annotations-2.10.0.jar;D:\JavaProgram\Maven\com\fasterxml\jackson\core\jackson-core\2.10.0\jackson-core-2.10.0.jar;D:\JavaProgram\Maven\com\fasterxml\jackson\datatype\jackson-datatype-jdk8\2.10.0\jackson-datatype-jdk8-2.10.0.jar;D:\JavaProgram\Maven\com\fasterxml\jackson\datatype\jackson-datatype-jsr310\2.10.0\jackson-datatype-jsr310-2.10.0.jar;D:\JavaProgram\Maven\com\fasterxml\jackson\module\jackson-module-parameter-names\2.10.0\jackson-module-parameter-names-2.10.0.jar;D:\JavaProgram\Maven\net\sf\json-lib\json-lib\2.2.3\json-lib-2.2.3-jdk15.jar;D:\JavaProgram\Maven\commons-beanutils\commons-beanutils\1.7.0\commons-beanutils-1.7.0.jar;D:\JavaProgram\Maven\commons-collections\commons-collections\3.2\commons-collections-3.2.jar;D:\JavaProgram\Maven\commons-lang\commons-lang\2.4\commons-lang-2.4.jar;D:\JavaProgram\Maven\commons-logging\commons-logging\1.1.1\commons-logging-1.1.1.jar;D:\JavaProgram\Maven\net\sf\ezmorph\ezmorph\1.0.6\ezmorph-1.0.6.jar;D:\JavaProgram\Maven\com\alibaba\druid\1.1.18\druid-1.1.18.jar;"/>
    <property name="java.vm.vendor" value="Oracle Corporation"/>
    <property name="sun.arch.data.model" value="64"/>
    <property name="user.variant" value=""/>
    <property name="java.vendor.url" value="http://java.oracle.com/"/>
    <property name="user.timezone" value="Asia/Shanghai"/>
    <property name="java.vm.specification.version" value="1.8"/>
    <property name="os.name" value="Windows 10"/>
    <property name="user.country" value="CN"/>
    <property name="sun.java.launcher" value="SUN_STANDARD"/>
    <property name="sun.boot.library.path" value="D:\JavaProgram\Java\jdk-8u221-windows-x64\jre\bin"/>
    <property name="sun.java.command" value="C:\Users\10191\AppData\Local\Temp\surefire425453155911800843\surefirebooter676552421136652373.jar C:\Users\10191\AppData\Local\Temp\surefire425453155911800843 2019-12-10T11-11-50_565-jvmRun1 surefire6275462888361363474tmp surefire_01175674573291862926tmp"/>
    <property name="surefire.test.class.path" value="D:\JavaProgram\SpringMVC\music-day01\target\test-classes;D:\JavaProgram\SpringMVC\music-day01\target\classes;D:\JavaProgram\Maven\org\springframework\boot\spring-boot-starter-jdbc\2.2.1.RELEASE\spring-boot-starter-jdbc-2.2.1.RELEASE.jar;D:\JavaProgram\Maven\org\springframework\boot\spring-boot-starter\2.2.1.RELEASE\spring-boot-starter-2.2.1.RELEASE.jar;D:\JavaProgram\Maven\org\springframework\boot\spring-boot\2.2.1.RELEASE\spring-boot-2.2.1.RELEASE.jar;D:\JavaProgram\Maven\org\springframework\boot\spring-boot-autoconfigure\2.2.1.RELEASE\spring-boot-autoconfigure-2.2.1.RELEASE.jar;D:\JavaProgram\Maven\org\springframework\boot\spring-boot-starter-logging\2.2.1.RELEASE\spring-boot-starter-logging-2.2.1.RELEASE.jar;D:\JavaProgram\Maven\ch\qos\logback\logback-classic\1.2.3\logback-classic-1.2.3.jar;D:\JavaProgram\Maven\ch\qos\logback\logback-core\1.2.3\logback-core-1.2.3.jar;D:\JavaProgram\Maven\org\apache\logging\log4j\log4j-to-slf4j\2.12.1\log4j-to-slf4j-2.12.1.jar;D:\JavaProgram\Maven\org\apache\logging\log4j\log4j-api\2.12.1\log4j-api-2.12.1.jar;D:\JavaProgram\Maven\org\slf4j\jul-to-slf4j\1.7.29\jul-to-slf4j-1.7.29.jar;D:\JavaProgram\Maven\jakarta\annotation\jakarta.annotation-api\1.3.5\jakarta.annotation-api-1.3.5.jar;D:\JavaProgram\Maven\org\yaml\snakeyaml\1.25\snakeyaml-1.25.jar;D:\JavaProgram\Maven\com\zaxxer\HikariCP\3.4.1\HikariCP-3.4.1.jar;D:\JavaProgram\Maven\org\slf4j\slf4j-api\1.7.29\slf4j-api-1.7.29.jar;D:\JavaProgram\Maven\org\springframework\spring-jdbc\5.2.1.RELEASE\spring-jdbc-5.2.1.RELEASE.jar;D:\JavaProgram\Maven\org\springframework\spring-beans\5.2.1.RELEASE\spring-beans-5.2.1.RELEASE.jar;D:\JavaProgram\Maven\org\springframework\spring-tx\5.2.1.RELEASE\spring-tx-5.2.1.RELEASE.jar;D:\JavaProgram\Maven\org\springframework\boot\spring-boot-starter-thymeleaf\2.2.1.RELEASE\spring-boot-starter-thymeleaf-2.2.1.RELEASE.jar;D:\JavaProgram\Maven\org\thymeleaf\thymeleaf-spring5\3.0.11.RELEASE\thymeleaf-spring5-3.0.11.RELEASE.jar;D:\JavaProgram\Maven\org\thymeleaf\thymeleaf\3.0.11.RELEASE\thymeleaf-3.0.11.RELEASE.jar;D:\JavaProgram\Maven\org\attoparser\attoparser\2.0.5.RELEASE\attoparser-2.0.5.RELEASE.jar;D:\JavaProgram\Maven\org\unbescape\unbescape\1.1.6.RELEASE\unbescape-1.1.6.RELEASE.jar;D:\JavaProgram\Maven\org\thymeleaf\extras\thymeleaf-extras-java8time\3.0.4.RELEASE\thymeleaf-extras-java8time-3.0.4.RELEASE.jar;D:\JavaProgram\Maven\org\springframework\boot\spring-boot-starter-web\2.2.1.RELEASE\spring-boot-starter-web-2.2.1.RELEASE.jar;D:\JavaProgram\Maven\org\springframework\boot\spring-boot-starter-tomcat\2.2.1.RELEASE\spring-boot-starter-tomcat-2.2.1.RELEASE.jar;D:\JavaProgram\Maven\org\apache\tomcat\embed\tomcat-embed-websocket\9.0.27\tomcat-embed-websocket-9.0.27.jar;D:\JavaProgram\Maven\org\springframework\boot\spring-boot-starter-validation\2.2.1.RELEASE\spring-boot-starter-validation-2.2.1.RELEASE.jar;D:\JavaProgram\Maven\jakarta\validation\jakarta.validation-api\2.0.1\jakarta.validation-api-2.0.1.jar;D:\JavaProgram\Maven\org\hibernate\validator\hibernate-validator\6.0.18.Final\hibernate-validator-6.0.18.Final.jar;D:\JavaProgram\Maven\org\jboss\logging\jboss-logging\3.4.1.Final\jboss-logging-3.4.1.Final.jar;D:\JavaProgram\Maven\com\fasterxml\classmate\1.5.1\classmate-1.5.1.jar;D:\JavaProgram\Maven\org\springframework\spring-web\5.2.1.RELEASE\spring-web-5.2.1.RELEASE.jar;D:\JavaProgram\Maven\org\springframework\spring-webmvc\5.2.1.RELEASE\spring-webmvc-5.2.1.RELEASE.jar;D:\JavaProgram\Maven\org\springframework\spring-aop\5.2.1.RELEASE\spring-aop-5.2.1.RELEASE.jar;D:\JavaProgram\Maven\org\springframework\spring-context\5.2.1.RELEASE\spring-context-5.2.1.RELEASE.jar;D:\JavaProgram\Maven\org\springframework\spring-expression\5.2.1.RELEASE\spring-expression-5.2.1.RELEASE.jar;D:\JavaProgram\Maven\org\webjars\bootstrap\3.4.1\bootstrap-3.4.1.jar;D:\JavaProgram\Maven\org\webjars\jquery\3.4.1\jquery-3.4.1.jar;D:\JavaProgram\Maven\org\apache\tomcat\embed\tomcat-embed-jasper\9.0.27\tomcat-embed-jasper-9.0.27.jar;D:\JavaProgram\Maven\org\apache\tomcat\embed\tomcat-embed-core\9.0.27\tomcat-embed-core-9.0.27.jar;D:\JavaProgram\Maven\org\apache\tomcat\tomcat-annotations-api\9.0.27\tomcat-annotations-api-9.0.27.jar;D:\JavaProgram\Maven\org\apache\tomcat\embed\tomcat-embed-el\9.0.27\tomcat-embed-el-9.0.27.jar;D:\JavaProgram\Maven\org\eclipse\jdt\ecj\3.18.0\ecj-3.18.0.jar;D:\JavaProgram\Maven\javax\servlet\jstl\1.2\jstl-1.2.jar;D:\JavaProgram\Maven\org\mybatis\spring\boot\mybatis-spring-boot-starter\2.1.1\mybatis-spring-boot-starter-2.1.1.jar;D:\JavaProgram\Maven\org\mybatis\spring\boot\mybatis-spring-boot-autoconfigure\2.1.1\mybatis-spring-boot-autoconfigure-2.1.1.jar;D:\JavaProgram\Maven\org\mybatis\mybatis\3.5.3\mybatis-3.5.3.jar;D:\JavaProgram\Maven\org\mybatis\mybatis-spring\2.0.3\mybatis-spring-2.0.3.jar;D:\JavaProgram\Maven\mysql\mysql-connector-java\8.0.18\mysql-connector-java-8.0.18.jar;D:\JavaProgram\Maven\org\springframework\boot\spring-boot-starter-test\2.2.1.RELEASE\spring-boot-starter-test-2.2.1.RELEASE.jar;D:\JavaProgram\Maven\org\springframework\boot\spring-boot-test\2.2.1.RELEASE\spring-boot-test-2.2.1.RELEASE.jar;D:\JavaProgram\Maven\org\springframework\boot\spring-boot-test-autoconfigure\2.2.1.RELEASE\spring-boot-test-autoconfigure-2.2.1.RELEASE.jar;D:\JavaProgram\Maven\com\jayway\jsonpath\json-path\2.4.0\json-path-2.4.0.jar;D:\JavaProgram\Maven\net\minidev\json-smart\2.3\json-smart-2.3.jar;D:\JavaProgram\Maven\net\minidev\accessors-smart\1.2\accessors-smart-1.2.jar;D:\JavaProgram\Maven\org\ow2\asm\asm\5.0.4\asm-5.0.4.jar;D:\JavaProgram\Maven\jakarta\xml\bind\jakarta.xml.bind-api\2.3.2\jakarta.xml.bind-api-2.3.2.jar;D:\JavaProgram\Maven\jakarta\activation\jakarta.activation-api\1.2.1\jakarta.activation-api-1.2.1.jar;D:\JavaProgram\Maven\org\junit\jupiter\junit-jupiter\5.5.2\junit-jupiter-5.5.2.jar;D:\JavaProgram\Maven\org\junit\jupiter\junit-jupiter-api\5.5.2\junit-jupiter-api-5.5.2.jar;D:\JavaProgram\Maven\org\opentest4j\opentest4j\1.2.0\opentest4j-1.2.0.jar;D:\JavaProgram\Maven\org\junit\platform\junit-platform-commons\1.5.2\junit-platform-commons-1.5.2.jar;D:\JavaProgram\Maven\org\junit\jupiter\junit-jupiter-params\5.5.2\junit-jupiter-params-5.5.2.jar;D:\JavaProgram\Maven\org\junit\jupiter\junit-jupiter-engine\5.5.2\junit-jupiter-engine-5.5.2.jar;D:\JavaProgram\Maven\org\junit\vintage\junit-vintage-engine\5.5.2\junit-vintage-engine-5.5.2.jar;D:\JavaProgram\Maven\org\apiguardian\apiguardian-api\1.1.0\apiguardian-api-1.1.0.jar;D:\JavaProgram\Maven\org\junit\platform\junit-platform-engine\1.5.2\junit-platform-engine-1.5.2.jar;D:\JavaProgram\Maven\junit\junit\4.12\junit-4.12.jar;D:\JavaProgram\Maven\org\mockito\mockito-junit-jupiter\3.1.0\mockito-junit-jupiter-3.1.0.jar;D:\JavaProgram\Maven\org\assertj\assertj-core\3.13.2\assertj-core-3.13.2.jar;D:\JavaProgram\Maven\org\hamcrest\hamcrest\2.1\hamcrest-2.1.jar;D:\JavaProgram\Maven\org\mockito\mockito-core\3.1.0\mockito-core-3.1.0.jar;D:\JavaProgram\Maven\net\bytebuddy\byte-buddy\1.10.2\byte-buddy-1.10.2.jar;D:\JavaProgram\Maven\net\bytebuddy\byte-buddy-agent\1.10.2\byte-buddy-agent-1.10.2.jar;D:\JavaProgram\Maven\org\objenesis\objenesis\2.6\objenesis-2.6.jar;D:\JavaProgram\Maven\org\skyscreamer\jsonassert\1.5.0\jsonassert-1.5.0.jar;D:\JavaProgram\Maven\com\vaadin\external\google\android-json\0.0.20131108.vaadin1\android-json-0.0.20131108.vaadin1.jar;D:\JavaProgram\Maven\org\springframework\spring-core\5.2.1.RELEASE\spring-core-5.2.1.RELEASE.jar;D:\JavaProgram\Maven\org\springframework\spring-jcl\5.2.1.RELEASE\spring-jcl-5.2.1.RELEASE.jar;D:\JavaProgram\Maven\org\springframework\spring-test\5.2.1.RELEASE\spring-test-5.2.1.RELEASE.jar;D:\JavaProgram\Maven\org\xmlunit\xmlunit-core\2.6.3\xmlunit-core-2.6.3.jar;D:\JavaProgram\Maven\org\springframework\boot\spring-boot-starter-json\2.2.1.RELEASE\spring-boot-starter-json-2.2.1.RELEASE.jar;D:\JavaProgram\Maven\com\fasterxml\jackson\core\jackson-databind\2.10.0\jackson-databind-2.10.0.jar;D:\JavaProgram\Maven\com\fasterxml\jackson\core\jackson-annotations\2.10.0\jackson-annotations-2.10.0.jar;D:\JavaProgram\Maven\com\fasterxml\jackson\core\jackson-core\2.10.0\jackson-core-2.10.0.jar;D:\JavaProgram\Maven\com\fasterxml\jackson\datatype\jackson-datatype-jdk8\2.10.0\jackson-datatype-jdk8-2.10.0.jar;D:\JavaProgram\Maven\com\fasterxml\jackson\datatype\jackson-datatype-jsr310\2.10.0\jackson-datatype-jsr310-2.10.0.jar;D:\JavaProgram\Maven\com\fasterxml\jackson\module\jackson-module-parameter-names\2.10.0\jackson-module-parameter-names-2.10.0.jar;D:\JavaProgram\Maven\net\sf\json-lib\json-lib\2.2.3\json-lib-2.2.3-jdk15.jar;D:\JavaProgram\Maven\commons-beanutils\commons-beanutils\1.7.0\commons-beanutils-1.7.0.jar;D:\JavaProgram\Maven\commons-collections\commons-collections\3.2\commons-collections-3.2.jar;D:\JavaProgram\Maven\commons-lang\commons-lang\2.4\commons-lang-2.4.jar;D:\JavaProgram\Maven\commons-logging\commons-logging\1.1.1\commons-logging-1.1.1.jar;D:\JavaProgram\Maven\net\sf\ezmorph\ezmorph\1.0.6\ezmorph-1.0.6.jar;D:\JavaProgram\Maven\com\alibaba\druid\1.1.18\druid-1.1.18.jar;"/>
    <property name="sun.cpu.endian" value="little"/>
    <property name="user.home" value="C:\Users\10191"/>
    <property name="user.language" value="zh"/>
    <property name="java.specification.vendor" value="Oracle Corporation"/>
    <property name="java.home" value="D:\JavaProgram\Java\jdk-8u221-windows-x64\jre"/>
    <property name="basedir" value="D:\JavaProgram\SpringMVC\music-day01"/>
    <property name="file.separator" value="\"/>
    <property name="line.separator" value="&#10;"/>
    <property name="java.vm.specification.vendor" value="Oracle Corporation"/>
    <property name="java.specification.name" value="Java Platform API Specification"/>
    <property name="java.awt.graphicsenv" value="sun.awt.Win32GraphicsEnvironment"/>
    <property name="surefire.real.class.path" value="C:\Users\10191\AppData\Local\Temp\surefire425453155911800843\surefirebooter676552421136652373.jar"/>
    <property name="sun.boot.class.path" value="D:\JavaProgram\Java\jdk-8u221-windows-x64\jre\lib\resources.jar;D:\JavaProgram\Java\jdk-8u221-windows-x64\jre\lib\rt.jar;D:\JavaProgram\Java\jdk-8u221-windows-x64\jre\lib\sunrsasign.jar;D:\JavaProgram\Java\jdk-8u221-windows-x64\jre\lib\jsse.jar;D:\JavaProgram\Java\jdk-8u221-windows-x64\jre\lib\jce.jar;D:\JavaProgram\Java\jdk-8u221-windows-x64\jre\lib\charsets.jar;D:\JavaProgram\Java\jdk-8u221-windows-x64\jre\lib\jfr.jar;D:\JavaProgram\Java\jdk-8u221-windows-x64\jre\classes"/>
    <property name="user.script" value=""/>
    <property name="sun.management.compiler" value="HotSpot 64-Bit Tiered Compilers"/>
    <property name="java.runtime.version" value="1.8.0_221-b11"/>
    <property name="user.name" value="10191"/>
    <property name="path.separator" value=";"/>
    <property name="os.version" value="10.0"/>
    <property name="java.endorsed.dirs" value="D:\JavaProgram\Java\jdk-8u221-windows-x64\jre\lib\endorsed"/>
    <property name="java.runtime.name" value="Java(TM) SE Runtime Environment"/>
    <property name="file.encoding" value="GBK"/>
    <property name="java.vm.name" value="Java HotSpot(TM) 64-Bit Server VM"/>
    <property name="localRepository" value="D:\JavaProgram\Maven"/>
    <property name="java.vendor.url.bug" value="http://bugreport.sun.com/bugreport/"/>
    <property name="java.io.tmpdir" value="C:\Users\10191\AppData\Local\Temp\"/>
    <property name="java.version" value="1.8.0_221"/>
    <property name="user.dir" value="D:\JavaProgram\SpringMVC\music-day01"/>
    <property name="os.arch" value="amd64"/>
    <property name="java.vm.specification.name" value="Java Virtual Machine Specification"/>
    <property name="java.awt.printerjob" value="sun.awt.windows.WPrinterJob"/>
    <property name="idea.version2019.1.2" value="true"/>
    <property name="sun.os.patch.level" value=""/>
    <property name="java.library.path" value="D:\JavaProgram\Java\jdk-8u221-windows-x64\jre\bin;C:\Windows\Sun\Java\bin;C:\Windows\system32;C:\Windows;C:\Program Files (x86)\Common Files\Oracle\Java\javapath;C:\Windows\system32;C:\Windows;C:\Windows\System32\Wbem;C:\Windows\System32\WindowsPowerShell\v1.0\;C:\Windows\System32\OpenSSH\;C:\Program Files (x86)\NVIDIA Corporation\PhysX\Common;C:\Program Files\NVIDIA Corporation\NVIDIA NvDLISR;C:\Windows\system32;C:\Windows;C:\Windows\System32\Wbem;C:\Windows\System32\WindowsPowerShell\v1.0\;C:\Windows\System32\OpenSSH\;D:\JavaProgram\Java\jdk-8u221-windows-x64\bin;D:\JavaProgram\Java\jdk-8u221-windows-x64\jre\bin;%CATALINA_HOME\bin%;%CATALINA_HOME\lib%;D:\Program Files\MySQL\MySQL Server 5.5\bin;D:\JavaProgram\Apache-tomcat\apache-maven-3.6.2\bin;C:\Users\10191\AppData\Local\Microsoft\WindowsApps;C:\Users\10191\AppData\Local\GitHubDesktop\bin;."/>
    <property name="java.vm.info" value="mixed mode"/>
    <property name="java.vendor" value="Oracle Corporation"/>
    <property name="java.vm.version" value="25.221-b11"/>
    <property name="java.ext.dirs" value="D:\JavaProgram\Java\jdk-8u221-windows-x64\jre\lib\ext;C:\Windows\Sun\Java\lib\ext"/>
    <property name="sun.io.unicode.encoding" value="UnicodeLittle"/>
    <property name="maven.repo.local" value="D:\JavaProgram\Maven"/>
    <property name="java.class.version" value="52.0"/>
  </properties>
  <testcase name="contextLoads" classname="com.ys.demo.DemoApplicationTests" time="0.203"/>
</testsuite>